<?xml version="1.0" encoding="UTF-8"?>
<!-- Generated by org.testng.reporters.JUnitReportReporter -->
<testsuite skipped="0" hostname="DESKTOP-5V25L0Q" name="com.debajyoti.google.AppTest" tests="1" failures="0" timestamp="07 Aug 2020 15:12:37 GMT" time="0.070" errors="0">
  <testcase name="test" time="0.070" classname="com.debajyoti.google.AppTest"/>
</testsuite> <!-- com.debajyoti.google.AppTest -->
