<?xml version="1.0" encoding="UTF-8"?>
<!-- Generated by org.testng.reporters.JUnitReportReporter -->
<testsuite skipped="3" hostname="DESKTOP-5V25L0Q" name="com.debajyoti.rest.RestApiPractice" tests="4" failures="0" timestamp="16 Aug 2020 14:33:47 GMT" time="8.102" errors="0">
  <testcase name="validateResponseBody" time="8.102" classname="com.debajyoti.rest.RestApiPractice"/>
  <testcase name="check" classname="com.debajyoti.rest.RestApiPractice">
    <skipped/>
  </testcase> <!-- check -->
  <testcase name="f" classname="com.debajyoti.rest.RestApiPractice">
    <skipped/>
  </testcase> <!-- f -->
  <testcase name="fg" classname="com.debajyoti.rest.RestApiPractice">
    <skipped/>
  </testcase> <!-- fg -->
</testsuite> <!-- com.debajyoti.rest.RestApiPractice -->
