<?xml version="1.0" encoding="UTF-8"?>
<!-- Generated by org.testng.reporters.JUnitReportReporter -->
<testsuite skipped="0" hostname="DESKTOP-5V25L0Q" name="com.debajyoti.framework.TestDetailsPage" tests="1" failures="0" timestamp="12 Aug 2020 13:50:06 GMT" time="0.010" errors="0">
  <testcase name="testDetails" time="0.010" classname="com.debajyoti.framework.TestDetailsPage"/>
</testsuite> <!-- com.debajyoti.framework.TestDetailsPage -->
