<?xml version="1.0" encoding="UTF-8"?>
<!-- Generated by org.testng.reporters.JUnitReportReporter -->
<testsuite skipped="0" hostname="DESKTOP-5V25L0Q" name="com.debajyoti.framework.TestHomePage" tests="4" failures="0" timestamp="12 Aug 2020 13:50:06 GMT" time="9.570" errors="0">
  <testcase name="testHomePage" time="3.533" classname="com.debajyoti.framework.TestHomePage"/>
  <testcase name="testHomePage" time="2.271" classname="com.debajyoti.framework.TestHomePage"/>
  <testcase name="testHomePage" time="2.877" classname="com.debajyoti.framework.TestHomePage"/>
  <testcase name="testDetailsPage" time="0.889" classname="com.debajyoti.framework.TestHomePage"/>
</testsuite> <!-- com.debajyoti.framework.TestHomePage -->
