<?xml version="1.0" encoding="UTF-8"?>
<!-- Generated by org.testng.reporters.JUnitReportReporter -->
<testsuite skipped="0" hostname="DESKTOP-5V25L0Q" name="com.debajyoti.famework.TestHomePage" tests="1" failures="0" timestamp="12 Aug 2020 10:22:51 GMT" time="0.012" errors="0">
  <testcase name="testHomePage" time="0.012" classname="com.debajyoti.famework.TestHomePage"/>
</testsuite> <!-- com.debajyoti.famework.TestHomePage -->
