<?xml version="1.0" encoding="UTF-8"?>
<!-- Generated by org.testng.reporters.JUnitReportReporter -->
<testsuite skipped="0" hostname="DESKTOP-5V25L0Q" name="com.debajyoti.framework.TestHomePage" tests="4" failures="0" timestamp="12 Aug 2020 14:03:33 GMT" time="8.682" errors="0">
  <testcase name="testHomePage" time="2.906" classname="com.debajyoti.framework.TestHomePage"/>
  <testcase name="testHomePage" time="2.406" classname="com.debajyoti.framework.TestHomePage"/>
  <testcase name="testHomePage" time="2.560" classname="com.debajyoti.framework.TestHomePage"/>
  <testcase name="testDetailsPage" time="0.810" classname="com.debajyoti.framework.TestHomePage"/>
</testsuite> <!-- com.debajyoti.framework.TestHomePage -->
