<?xml version="1.0" encoding="UTF-8"?>
<!-- Generated by org.testng.reporters.JUnitReportReporter -->
<testsuite skipped="0" hostname="DESKTOP-5V25L0Q" name="com.debajyoti.famework.TestDetailsPage" tests="1" failures="0" timestamp="12 Aug 2020 10:22:51 GMT" time="0.006" errors="0">
  <testcase name="testDetails" time="0.006" classname="com.debajyoti.famework.TestDetailsPage"/>
</testsuite> <!-- com.debajyoti.famework.TestDetailsPage -->
