<?xml version="1.0" encoding="UTF-8"?>
<!-- Generated by org.testng.reporters.JUnitReportReporter -->
<testsuite skipped="0" hostname="DESKTOP-5V25L0Q" name="test1" tests="1" failures="0" timestamp="07 Aug 2020 13:51:01 GMT" time="0.042" errors="0">
  <testcase name="f" time="0.042" classname="test1"/>
</testsuite> <!-- test1 -->
